<?xml version="1.0" encoding="UTF-8"?>
<!-- Generated by org.testng.reporters.JUnitReportReporter -->
<testsuite hostname="IABLR-LT155" name="com.joann.testcases.TC_StratergywoInputs_011" tests="1" failures="0" timestamp="3 Dec 2019 07:23:59 GMT" time="26.942" errors="0">
  <testcase name="stratergyScreenWoInputs" time="26.942" classname="com.joann.testcases.TC_StratergywoInputs_011"/>
</testsuite> <!-- com.joann.testcases.TC_StratergywoInputs_011 -->
