<?xml version="1.0" encoding="UTF-8"?>
<!-- Generated by org.testng.reporters.JUnitReportReporter -->
<testsuite hostname="IABLR-LT155" name="com.joann.testcases.TC_LoginTest_001" tests="1" failures="0" timestamp="3 Dec 2019 07:23:59 GMT" time="7.757" errors="0">
  <testcase name="loginTest" time="7.757" classname="com.joann.testcases.TC_LoginTest_001"/>
</testsuite> <!-- com.joann.testcases.TC_LoginTest_001 -->
