<?xml version="1.0" encoding="UTF-8"?>
<!-- Generated by org.testng.reporters.JUnitReportReporter -->
<testsuite hostname="IABLR-LT155" name="com.joann.testcases.TC_CreateAllocation_003" tests="1" failures="0" timestamp="3 Dec 2019 07:23:59 GMT" time="32.320" errors="0">
  <testcase name="createNewAllocation" time="32.320" classname="com.joann.testcases.TC_CreateAllocation_003"/>
</testsuite> <!-- com.joann.testcases.TC_CreateAllocation_003 -->
