<?xml version="1.0" encoding="UTF-8"?>
<!-- Generated by org.testng.reporters.JUnitReportReporter -->
<testsuite hostname="IABLR-LT155" name="com.joann.testcases.TC_SiteExclusion_005" tests="1" failures="0" timestamp="23 Nov 2019 06:43:04 GMT" time="51.561" errors="0">
  <testcase name="siteExclusionScreen" time="51.561" classname="com.joann.testcases.TC_SiteExclusion_005"/>
</testsuite> <!-- com.joann.testcases.TC_SiteExclusion_005 -->
