<?xml version="1.0" encoding="UTF-8"?>
<!-- Generated by org.testng.reporters.JUnitReportReporter -->
<testsuite hostname="IABLR-LT155" name="com.joann.testcases.TC_ArticleBasics_004" tests="1" failures="0" timestamp="23 Nov 2019 06:43:04 GMT" time="35.876" errors="0">
  <testcase name="articleBasicScreen" time="35.876" classname="com.joann.testcases.TC_ArticleBasics_004"/>
</testsuite> <!-- com.joann.testcases.TC_ArticleBasics_004 -->
